TN:
SF:script/Counter.s.sol
DA:7,0
FN:7,deployAmagiContract.setUp
FNDA:0,deployAmagiContract.setUp
DA:9,0
FN:9,deployAmagiContract.run
FNDA:0,deployAmagiContract.run
FNF:2
FNH:0
LF:2
LH:0
BRF:0
BRH:0
end_of_record
TN:
SF:src/AmagiPool.sol
DA:58,33
FN:58,AmagiPool.constructor
FNDA:33,AmagiPool.constructor
DA:59,33
DA:60,33
DA:62,33
DA:63,33
DA:66,1
FN:66,AmagiPool.getPrice
FNDA:1,AmagiPool.getPrice
DA:67,1
DA:70,7
FN:70,AmagiPool.deposit
FNDA:7,AmagiPool.deposit
DA:71,7
BRDA:71,0,0,1
DA:73,6
DA:75,6
DA:78,6
DA:79,6
DA:82,28
FN:82,AmagiPool.depositCollateral
FNDA:28,AmagiPool.depositCollateral
DA:83,28
BRDA:83,1,0,1
DA:85,27
DA:87,27
DA:90,4
FN:90,AmagiPool.withdraw
FNDA:4,AmagiPool.withdraw
DA:91,4
BRDA:91,2,0,1
DA:92,3
DA:94,3
DA:96,3
BRDA:96,3,0,1
DA:98,2
BRDA:98,4,0,1
DA:99,1
DA:102,1
DA:104,1
DA:105,1
DA:108,5
FN:108,AmagiPool.withdrawCollateral
FNDA:5,AmagiPool.withdrawCollateral
DA:109,5
BRDA:109,5,0,1
DA:111,4
DA:113,4
DA:115,4
BRDA:115,6,0,1
DA:117,3
DA:118,3
DA:121,3
DA:124,3
DA:125,3
DA:127,3
BRDA:127,7,0,1
DA:128,1
DA:131,2
DA:132,2
BRDA:132,8,0,1
DA:134,1
DA:137,22
FN:137,AmagiPool.borrow
FNDA:22,AmagiPool.borrow
DA:138,22
BRDA:138,9,0,1
DA:140,21
DA:142,21
DA:144,21
DA:145,21
DA:147,19
DA:148,19
DA:149,19
DA:151,19
DA:153,19
BRDA:153,10,0,1
DA:156,18
DA:158,18
BRDA:158,11,0,1
DA:159,1
DA:162,17
DA:164,17
DA:165,17
DA:168,4
FN:168,AmagiPool.repay
FNDA:4,AmagiPool.repay
DA:169,4
BRDA:169,12,0,1
DA:171,3
DA:173,3
DA:175,3
DA:177,3
DA:178,3
DA:180,3
BRDA:180,13,0,2
DA:181,2
DA:182,2
DA:185,3
DA:188,3
DA:191,3
DA:192,3
DA:195,7
FN:195,AmagiPool.liquidate
FNDA:7,AmagiPool.liquidate
DA:199,7
BRDA:199,14,0,1
DA:201,6
DA:203,6
DA:205,6
DA:206,6
DA:208,6
DA:209,6
DA:211,6
BRDA:211,15,0,1
DA:213,5
DA:214,5
BRDA:214,16,0,1
DA:216,5
DA:219,5
BRDA:219,17,0,1
DA:221,5
DA:225,5
DA:226,5
DA:229,5
DA:230,5
DA:232,5
DA:233,5
BRDA:233,18,0,-
DA:235,5
DA:239,34
FN:239,AmagiPool._updateIndex
FNDA:34,AmagiPool._updateIndex
DA:240,34
DA:241,34
DA:243,34
DA:244,34
BRDA:244,19,0,30
DA:246,4
DA:248,4
DA:249,4
DA:250,4
DA:253,31
FN:253,AmagiPool._price
FNDA:31,AmagiPool._price
DA:254,31
DA:256,31
DA:258,31
BRDA:258,20,0,1
DA:259,30
BRDA:259,21,0,1
DA:261,29
DA:263,29
BRDA:263,22,0,27
BRDA:263,22,1,-
DA:264,27
DA:265,2
BRDA:265,23,0,2
DA:266,2
DA:269,0
DA:272,9
FN:272,AmagiPool._isLiquidatable
FNDA:9,AmagiPool._isLiquidatable
DA:276,9
BRDA:276,24,0,2
DA:278,7
DA:281,7
FNF:12
FNH:12
LF:118
LH:117
BRF:26
BRH:24
end_of_record
TN:
SF:test/AmagiPool.t.sol
DA:501,0
FN:501,RejectETH.receive
FNDA:0,RejectETH.receive
DA:502,0
FNF:1
FNH:0
LF:2
LH:0
BRF:0
BRH:0
end_of_record
TN:
SF:test/mocks/MockPriceFeed.sol
DA:9,33
FN:9,MockPriceFeed.constructor
FNDA:33,MockPriceFeed.constructor
DA:10,33
DA:11,33
DA:12,33
DA:16,1
FN:16,MockPriceFeed.setDecimals
FNDA:1,MockPriceFeed.setDecimals
DA:17,1
DA:20,31
FN:20,MockPriceFeed.decimals
FNDA:31,MockPriceFeed.decimals
DA:21,31
DA:24,9
FN:24,MockPriceFeed.setPrice
FNDA:9,MockPriceFeed.setPrice
DA:25,9
DA:26,9
DA:29,0
FN:29,MockPriceFeed.setLastUpdated
FNDA:0,MockPriceFeed.setLastUpdated
DA:30,0
DA:33,31
FN:33,MockPriceFeed.latestRoundData
FNDA:31,MockPriceFeed.latestRoundData
DA:44,31
FNF:6
FNH:5
LF:15
LH:13
BRF:0
BRH:0
end_of_record
TN:
SF:test/mocks/MockUSDC.sol
DA:9,58
FN:9,MockUSDC.mint
FNDA:58,MockUSDC.mint
DA:10,58
FNF:1
FNH:1
LF:2
LH:2
BRF:0
BRH:0
end_of_record
