TN:
SF:script/Counter.s.sol
DA:7,0
FN:7,deployAmagiContract.setUp
FNDA:0,deployAmagiContract.setUp
DA:9,0
FN:9,deployAmagiContract.run
FNDA:0,deployAmagiContract.run
FNF:2
FNH:0
LF:2
LH:0
BRF:0
BRH:0
end_of_record
TN:
SF:src/AmagiPool.sol
DA:55,34
FN:55,AmagiPool.constructor
FNDA:34,AmagiPool.constructor
DA:56,34
DA:57,34
DA:58,34
DA:60,34
DA:61,34
DA:64,1
FN:64,AmagiPool.getPrice
FNDA:1,AmagiPool.getPrice
DA:65,1
DA:68,7
FN:68,AmagiPool.deposit
FNDA:7,AmagiPool.deposit
DA:69,7
BRDA:69,0,0,1
DA:71,6
DA:73,6
DA:76,6
DA:77,6
DA:80,28
FN:80,AmagiPool.depositCollateral
FNDA:28,AmagiPool.depositCollateral
DA:81,28
BRDA:81,1,0,1
DA:83,27
DA:85,27
DA:88,4
FN:88,AmagiPool.withdraw
FNDA:4,AmagiPool.withdraw
DA:89,4
BRDA:89,2,0,1
DA:90,3
DA:92,3
DA:94,3
BRDA:94,3,0,1
DA:96,2
BRDA:96,4,0,1
DA:97,1
DA:100,1
DA:102,1
DA:103,1
DA:106,5
FN:106,AmagiPool.withdrawCollateral
FNDA:5,AmagiPool.withdrawCollateral
DA:107,5
BRDA:107,5,0,1
DA:109,4
DA:110,4
DA:112,4
BRDA:112,6,0,1
DA:114,3
DA:116,3
DA:119,3
DA:120,3
DA:122,3
BRDA:122,7,0,1
DA:123,1
DA:126,2
DA:127,2
BRDA:127,8,0,1
DA:129,1
DA:132,21
FN:132,AmagiPool.borrow
FNDA:21,AmagiPool.borrow
DA:133,21
BRDA:133,9,0,1
DA:135,20
DA:137,20
DA:138,20
DA:140,18
DA:141,18
DA:142,18
DA:144,18
DA:146,18
BRDA:146,10,0,1
DA:149,17
DA:151,17
BRDA:151,11,0,1
DA:152,1
DA:155,16
DA:157,16
DA:158,16
DA:161,4
FN:161,AmagiPool.repay
FNDA:4,AmagiPool.repay
DA:162,4
BRDA:162,12,0,1
DA:164,3
DA:166,3
DA:167,3
DA:168,3
DA:170,3
BRDA:170,13,0,2
DA:171,2
DA:172,2
DA:175,3
DA:178,3
DA:181,3
DA:182,3
DA:185,7
FN:185,AmagiPool.liquidate
FNDA:7,AmagiPool.liquidate
DA:186,7
BRDA:186,14,0,1
DA:188,6
DA:190,6
DA:191,6
DA:193,6
DA:194,6
DA:196,6
BRDA:196,15,0,1
DA:198,5
DA:199,5
BRDA:199,16,0,1
DA:201,5
DA:203,5
BRDA:203,17,0,1
DA:205,5
DA:209,5
DA:210,5
DA:213,5
DA:214,5
DA:216,5
DA:217,5
BRDA:217,18,0,-
DA:219,5
DA:223,33
FN:223,AmagiPool._updateIndex
FNDA:33,AmagiPool._updateIndex
DA:224,33
DA:225,33
DA:227,33
DA:228,33
BRDA:228,19,0,29
DA:230,4
DA:232,4
DA:233,4
DA:234,4
DA:237,30
FN:237,AmagiPool._price
FNDA:30,AmagiPool._price
DA:238,30
DA:240,30
DA:242,30
BRDA:242,20,0,1
DA:243,29
BRDA:243,21,0,1
DA:245,28
DA:247,28
BRDA:247,22,0,27
BRDA:247,22,1,-
DA:248,27
DA:249,1
BRDA:249,23,0,1
DA:250,1
DA:253,0
DA:256,9
FN:256,AmagiPool._isLiquidatable
FNDA:9,AmagiPool._isLiquidatable
DA:257,9
BRDA:257,24,0,2
DA:259,7
DA:261,7
FNF:12
FNH:12
LF:115
LH:114
BRF:26
BRH:24
end_of_record
TN:
SF:test/AmagiPool.t.sol
DA:516,0
FN:516,RejectETH.receive
FNDA:0,RejectETH.receive
DA:517,0
FNF:1
FNH:0
LF:2
LH:0
BRF:0
BRH:0
end_of_record
TN:
SF:test/mocks/MockPriceFeed.sol
DA:9,34
FN:9,MockPriceFeed.constructor
FNDA:34,MockPriceFeed.constructor
DA:10,34
DA:11,34
DA:12,34
DA:16,1
FN:16,MockPriceFeed.setDecimals
FNDA:1,MockPriceFeed.setDecimals
DA:17,1
DA:20,34
FN:20,MockPriceFeed.decimals
FNDA:34,MockPriceFeed.decimals
DA:21,34
DA:24,8
FN:24,MockPriceFeed.setPrice
FNDA:8,MockPriceFeed.setPrice
DA:25,8
DA:26,8
DA:29,0
FN:29,MockPriceFeed.setLastUpdated
FNDA:0,MockPriceFeed.setLastUpdated
DA:30,0
DA:33,30
FN:33,MockPriceFeed.latestRoundData
FNDA:30,MockPriceFeed.latestRoundData
DA:44,30
FNF:6
FNH:5
LF:15
LH:13
BRF:0
BRH:0
end_of_record
TN:
SF:test/mocks/MockUSDC.sol
DA:9,57
FN:9,MockUSDC.mint
FNDA:57,MockUSDC.mint
DA:10,57
FNF:1
FNH:1
LF:2
LH:2
BRF:0
BRH:0
end_of_record
